[11:06:32] [main/INFO] (FabricLoader/GameProvider) Loading Minecraft 1.19.4 with Fabric Loader 0.14.19
[11:06:32] [main/INFO] (FabricLoader) Loading 46 mods:
	- endermans 1.0.0
	- fabric-api 0.81.0+1.19.4
	- fabric-api-base 0.4.26+1e9487d2f4
	- fabric-api-lookup-api-v1 1.6.27+504944c8f4
	- fabric-biome-api-v1 13.0.8+348a9c64f4
	- fabric-block-api-v1 1.0.7+e022e5d1f4
	- fabric-blockrenderlayer-v1 1.1.36+c2e6f674f4
	- fabric-client-tags-api-v1 1.0.17+504944c8f4
	- fabric-command-api-v2 2.2.8+504944c8f4
	- fabric-content-registries-v0 3.5.11+ae0966baf4
	- fabric-convention-tags-v1 1.5.0+c98e6b27f4
	- fabric-crash-report-info-v1 0.2.16+aeb40ebef4
	- fabric-data-generation-api-v1 11.4.2+504944c8f4
	- fabric-dimensions-v1 2.1.47+7f87f8faf4
	- fabric-entity-events-v1 1.5.15+504944c8f4
	- fabric-events-interaction-v0 0.5.1+76ba65ebf4
	- fabric-game-rule-api-v1 1.0.34+a1ccd7bff4
	- fabric-gametest-api-v1 1.2.6+ae0966baf4
	- fabric-item-api-v1 2.1.19+504944c8f4
	- fabric-item-group-api-v1 3.0.7+043f9acff4
	- fabric-key-binding-api-v1 1.0.34+504944c8f4
	- fabric-lifecycle-events-v1 2.2.17+1e9487d2f4
	- fabric-loot-api-v2 1.1.29+75e98211f4
	- fabric-message-api-v1 5.1.3+504944c8f4
	- fabric-mining-level-api-v1 2.1.41+49abcf7ef4
	- fabric-models-v0 0.3.32+504944c8f4
	- fabric-networking-api-v1 1.3.3+504944c8f4
	- fabric-object-builder-api-v1 7.0.5+504944c8f4
	- fabric-particles-v1 1.0.25+f1e4495bf4
	- fabric-recipe-api-v1 1.0.10+a1ccd7bff4
	- fabric-registry-sync-v0 2.2.2+504944c8f4
	- fabric-renderer-api-v1 2.2.7+ebc93ff3f4
	- fabric-renderer-indigo 1.2.0+ebc93ff3f4
	- fabric-rendering-data-attachment-v1 0.3.30+afca2f3ef4
	- fabric-rendering-fluids-v1 3.0.23+504944c8f4
	- fabric-rendering-v1 2.1.3+504944c8f4
	- fabric-resource-conditions-api-v1 2.3.2+e6c7d4eef4
	- fabric-resource-loader-v0 0.11.4+5ade3c38f4
	- fabric-screen-api-v1 1.0.47+3bd4ab0ff4
	- fabric-screen-handler-api-v1 1.3.22+504944c8f4
	- fabric-sound-api-v1 1.0.10+504944c8f4
	- fabric-transfer-api-v1 3.2.0+80d07a0af4
	- fabric-transitive-access-wideners-v1 3.1.0+03ba59cef4
	- fabricloader 0.14.19
	- java 18
	- minecraft 1.19.4
[11:06:33] [main/INFO] (FabricLoader/Mixin) SpongePowered MIXIN Subsystem Version=0.8.5 Source=file:/C:/Users/dasgu/.gradle/caches/modules-2/files-2.1/net.fabricmc/sponge-mixin/0.12.4+mixin.0.8.5/e13b4069fe3555969811d4474f78576c707bbe1c/sponge-mixin-0.12.4+mixin.0.8.5.jar Service=Knot/Fabric Env=CLIENT
[11:06:33] [main/INFO] (FabricLoader/Mixin) Loaded Fabric development mappings for mixin remapper!
[11:06:33] [main/INFO] (FabricLoader/Mixin) Compatibility level set to JAVA_16
[11:06:33] [main/INFO] (FabricLoader/Mixin) Compatibility level set to JAVA_17
[11:06:38] [Datafixer Bootstrap/INFO] (Minecraft) 180 Datafixer optimizations took 97 milliseconds
[11:06:39] [Render thread/INFO] (Minecraft) Environment: authHost='https://authserver.mojang.com', accountsHost='https://api.mojang.com', sessionHost='https://sessionserver.mojang.com', servicesHost='https://api.minecraftservices.com', name='PROD'
[11:06:42] [Render thread/ERROR] (Minecraft) Failed to verify authentication
com.mojang.authlib.exceptions.InvalidCredentialsException: Status: 401
	at com.mojang.authlib.exceptions.MinecraftClientHttpException.toAuthenticationException(MinecraftClientHttpException.java:56) ~[authlib-3.18.38.jar:?]
	at com.mojang.authlib.yggdrasil.YggdrasilUserApiService.fetchProperties(YggdrasilUserApiService.java:156) ~[authlib-3.18.38.jar:?]
	at com.mojang.authlib.yggdrasil.YggdrasilUserApiService.<init>(YggdrasilUserApiService.java:55) ~[authlib-3.18.38.jar:?]
	at com.mojang.authlib.yggdrasil.YggdrasilAuthenticationService.createUserApiService(YggdrasilAuthenticationService.java:161) ~[authlib-3.18.38.jar:?]
	at net.minecraft.client.MinecraftClient.createUserApiService(MinecraftClient.java:712) ~[minecraft-merged-project-root-1.19.4-net.fabricmc.yarn.1_19_4.1.19.4+build.2-v2.jar:?]
	at net.minecraft.client.MinecraftClient.<init>(MinecraftClient.java:506) ~[minecraft-merged-project-root-1.19.4-net.fabricmc.yarn.1_19_4.1.19.4+build.2-v2.jar:?]
	at net.minecraft.client.main.Main.main(Main.java:178) ~[minecraft-merged-project-root-1.19.4-net.fabricmc.yarn.1_19_4.1.19.4+build.2-v2.jar:?]
	at net.fabricmc.loader.impl.game.minecraft.MinecraftGameProvider.launch(MinecraftGameProvider.java:462) ~[fabric-loader-0.14.19.jar:?]
	at net.fabricmc.loader.impl.launch.knot.Knot.launch(Knot.java:74) ~[fabric-loader-0.14.19.jar:?]
	at net.fabricmc.loader.impl.launch.knot.KnotClient.main(KnotClient.java:23) ~[fabric-loader-0.14.19.jar:?]
	at net.fabricmc.devlaunchinjector.Main.main(Main.java:86) ~[dev-launch-injector-0.2.1+build.8.jar:?]
Caused by: com.mojang.authlib.exceptions.MinecraftClientHttpException: Status: 401
	at com.mojang.authlib.minecraft.client.MinecraftClient.readInputStream(MinecraftClient.java:87) ~[authlib-3.18.38.jar:?]
	at com.mojang.authlib.minecraft.client.MinecraftClient.get(MinecraftClient.java:48) ~[authlib-3.18.38.jar:?]
	at com.mojang.authlib.yggdrasil.YggdrasilUserApiService.fetchProperties(YggdrasilUserApiService.java:129) ~[authlib-3.18.38.jar:?]
	... 9 more
[11:06:42] [Render thread/INFO] (Minecraft) Setting user: Player195
[11:06:42] [Render thread/INFO] (endermans) Registering Mod Items for endermans
[11:06:42] [Render thread/INFO] (Indigo) [Indigo] Registering Indigo renderer!
[11:06:43] [Render thread/INFO] (Minecraft) Backend library: LWJGL version 3.3.1 SNAPSHOT
[11:06:46] [Render thread/INFO] (Minecraft) Reloading ResourceManager: vanilla, fabric (fabric-gametest-api-v1, fabric-api-base, fabric-data-generation-api-v1, fabric-screen-handler-api-v1, fabric-rendering-data-attachment-v1, endermans, fabric-api-lookup-api-v1, fabric-resource-conditions-api-v1, fabric-transfer-api-v1, fabric-rendering-v1, fabric-models-v0, fabric-registry-sync-v0, fabric-crash-report-info-v1, fabric-sound-api-v1, fabric-key-binding-api-v1, fabric-object-builder-api-v1, fabric-mining-level-api-v1, fabric-loot-api-v2, fabricloader, fabric-rendering-fluids-v1, fabric-renderer-indigo, fabric-client-tags-api-v1, fabric-particles-v1, fabric-block-api-v1, fabric-content-registries-v0, fabric-recipe-api-v1, fabric-command-api-v2, fabric-game-rule-api-v1, fabric-dimensions-v1, fabric-convention-tags-v1, fabric-item-group-api-v1, fabric-item-api-v1, fabric-transitive-access-wideners-v1, fabric-entity-events-v1, fabric-api, fabric-events-interaction-v0, fabric-renderer-api-v1, fabric-biome-api-v1, fabric-message-api-v1, fabric-resource-loader-v0, fabric-screen-api-v1, fabric-lifecycle-events-v1, fabric-networking-api-v1, fabric-blockrenderlayer-v1)
[11:06:46] [Worker-Main-7/WARN] (Minecraft) Exception loading blockstate definition: 'endermans:blockstates/money_counter.json' missing model for variant: 'endermans:money_counter#facing=west'
[11:06:46] [Worker-Main-7/WARN] (Minecraft) Exception loading blockstate definition: 'endermans:blockstates/money_counter.json' missing model for variant: 'endermans:money_counter#facing=north'
[11:06:46] [Worker-Main-7/WARN] (Minecraft) Exception loading blockstate definition: 'endermans:blockstates/money_counter.json' missing model for variant: 'endermans:money_counter#facing=south'
[11:06:46] [Worker-Main-7/WARN] (Minecraft) Exception loading blockstate definition: 'endermans:blockstates/money_counter.json' missing model for variant: 'endermans:money_counter#facing=east'
[11:06:46] [Worker-Main-7/WARN] (Minecraft) Exception loading blockstate definition: 'endermans:blockstates/money_counter.json' in resourcepack: 'fabric': Expected y to be a Int, was "180"
[11:06:47] [Realms Notification Availability checker #1/INFO] (Minecraft) Could not authorize you against Realms server: Invalid session id
[11:06:47] [Render thread/WARN] (Minecraft) Missing sound for event: minecraft:item.brush.brushing
[11:06:47] [Render thread/WARN] (Minecraft) Missing sound for event: minecraft:item.brush.brush_sand_completed
[11:06:47] [Render thread/WARN] (Minecraft) Missing sound for event: minecraft:item.goat_horn.play
[11:06:47] [Render thread/WARN] (Minecraft) Missing sound for event: minecraft:entity.goat.screaming.horn_break
[11:06:47] [Render thread/WARN] (Minecraft) Missing sound for event: minecraft:music.overworld.cherry_grove
[11:06:47] [Render thread/INFO] (Minecraft) OpenAL initialized on device OpenAL Soft on Headphones (High Definition Audio Device)
[11:06:47] [Render thread/INFO] (Minecraft) Sound engine started
[11:06:47] [Render thread/INFO] (Minecraft) Created: 1024x512x4 minecraft:textures/atlas/blocks.png-atlas
[11:06:47] [Render thread/INFO] (Minecraft) Created: 256x256x4 minecraft:textures/atlas/signs.png-atlas
[11:06:47] [Render thread/INFO] (Minecraft) Created: 512x512x4 minecraft:textures/atlas/shield_patterns.png-atlas
[11:06:47] [Render thread/INFO] (Minecraft) Created: 512x512x4 minecraft:textures/atlas/banner_patterns.png-atlas
[11:06:47] [Render thread/INFO] (Minecraft) Created: 1024x1024x4 minecraft:textures/atlas/armor_trims.png-atlas
[11:06:47] [Render thread/INFO] (Minecraft) Created: 64x64x4 minecraft:textures/atlas/decorated_pot.png-atlas
[11:06:47] [Render thread/INFO] (Minecraft) Created: 256x256x4 minecraft:textures/atlas/chest.png-atlas
[11:06:47] [Render thread/INFO] (Minecraft) Created: 512x256x4 minecraft:textures/atlas/shulker_boxes.png-atlas
[11:06:47] [Render thread/INFO] (Minecraft) Created: 512x256x4 minecraft:textures/atlas/beds.png-atlas
[11:06:47] [Render thread/WARN] (Minecraft) Shader rendertype_entity_translucent_emissive could not find sampler named Sampler2 in the specified shader program.
[11:06:47] [Render thread/INFO] (Minecraft) Created: 256x256x0 minecraft:textures/atlas/particles.png-atlas
[11:06:47] [Render thread/INFO] (Minecraft) Created: 256x256x0 minecraft:textures/atlas/paintings.png-atlas
[11:06:47] [Render thread/INFO] (Minecraft) Created: 128x128x0 minecraft:textures/atlas/mob_effects.png-atlas
[11:06:49] [Render thread/INFO] (Minecraft) Stopping!
